<?xml version="1.0" encoding="UTF-8"?>
<!-- Generated by org.testng.reporters.JUnitReportReporter -->
<testsuite skipped="0" hostname="DESKTOP-VV6PPHC" name="jpstore.tests.PositiveLoginTest" tests="1" failures="0" timestamp="19 wrz 2019 13:04:37 GMT" time="5.880" errors="0">
  <testcase name="asUserLoginUsingValidLoginAndPassword" time="5.880" classname="jpstore.tests.PositiveLoginTest"/>
</testsuite> <!-- jpstore.tests.PositiveLoginTest -->
